<?xml version="1.0" encoding="UTF-8"?>
<!-- Generated by org.testng.reporters.JUnitXMLReporter -->
<testsuite hostname="EPUALVIW0317" name="Default test" tests="3" failures="0" timestamp="11 Jan 2013 09:06:33 GMT" time="7.063" errors="0">
  <testcase name="checkLogo" time="0.25" classname="com.dayok.tests.FixedMenuTest"/>
  <testcase name="checkSeachButton" time="0.434" classname="com.dayok.tests.FixedMenuTest"/>
  <testcase name="checkUrl" time="0.112" classname="com.dayok.tests.FixedMenuTest"/>
</testsuite>
