<?xml version="1.0" encoding="UTF-8"?>
<!-- Generated by org.testng.reporters.JUnitXMLReporter -->
<testsuite hostname="EPUALVIW0131" name="Command line test" tests="7" failures="0" timestamp="30 Jan 2013 13:33:40 GMT" time="27.886" errors="0">
  <testcase name="checkAmountOfBrands" time="1.28" classname="com.dayok.tests.BrandPageTest"/>
  <testcase name="checkBrandName" time="1.646" classname="com.dayok.tests.BrandPageTest"/>
  <testcase name="checkCodeSendMsg" time="2.855" classname="com.dayok.tests.CodePageTest"/>
  <testcase name="checkLogo" time="0.129" classname="com.dayok.tests.FixedMenuTest"/>
  <testcase name="checkSeachButton" time="0.537" classname="com.dayok.tests.FixedMenuTest"/>
  <testcase name="checkSearchBrand" time="0.616" classname="com.dayok.tests.FixedMenuTest"/>
  <testcase name="checkUrl" time="0.023" classname="com.dayok.tests.FixedMenuTest"/>
</testsuite>
