<?xml version="1.0" encoding="UTF-8"?>
<testng-results skipped="0" failed="0" total="7" passed="7">
  <reporter-output>
  </reporter-output>
  <suite name="Command line suite" duration-ms="27886" started-at="2013-01-30T15:33:12Z" finished-at="2013-01-30T15:33:39Z">
    <groups>
    </groups>
    <test name="Command line test" duration-ms="27886" started-at="2013-01-30T15:33:12Z" finished-at="2013-01-30T15:33:39Z">
      <class name="com.dayok.tests.BrandPageTest">
        <test-method status="PASS" signature="init()[pri:0, instance:com.dayok.tests.BrandPageTest@4ed1e89e]" name="init" is-config="true" duration-ms="6139" started-at="2013-01-30T15:33:12Z" finished-at="2013-01-30T15:33:18Z">
        </test-method>
        <test-method status="PASS" signature="navigateToBaseUrl()[pri:0, instance:com.dayok.tests.BrandPageTest@4ed1e89e]" name="navigateToBaseUrl" is-config="true" duration-ms="1812" started-at="2013-01-30T15:33:18Z" finished-at="2013-01-30T15:33:20Z">
        </test-method>
        <test-method status="PASS" signature="checkAmountOfBrands()[pri:0, instance:com.dayok.tests.BrandPageTest@4ed1e89e]" name="checkAmountOfBrands" duration-ms="1280" started-at="2013-01-30T15:33:20Z" finished-at="2013-01-30T15:33:21Z">
        </test-method>
        <test-method status="PASS" signature="navigateToBaseUrl()[pri:0, instance:com.dayok.tests.BrandPageTest@4ed1e89e]" name="navigateToBaseUrl" is-config="true" duration-ms="920" started-at="2013-01-30T15:33:21Z" finished-at="2013-01-30T15:33:22Z">
        </test-method>
        <test-method status="PASS" signature="checkBrandName()[pri:0, instance:com.dayok.tests.BrandPageTest@4ed1e89e]" name="checkBrandName" duration-ms="1646" started-at="2013-01-30T15:33:22Z" finished-at="2013-01-30T15:33:23Z">
        </test-method>
        <test-method status="PASS" signature="tearDown()[pri:0, instance:com.dayok.tests.BrandPageTest@4ed1e89e]" name="tearDown" is-config="true" duration-ms="184" started-at="2013-01-30T15:33:23Z" finished-at="2013-01-30T15:33:24Z">
        </test-method>
      </class>
      <class name="com.dayok.tests.CodePageTest">
        <test-method status="PASS" signature="init()[pri:0, instance:com.dayok.tests.CodePageTest@78dc6a77]" name="init" is-config="true" duration-ms="2517" started-at="2013-01-30T15:33:24Z" finished-at="2013-01-30T15:33:26Z">
        </test-method>
        <test-method status="PASS" signature="navigateToBaseUrl()[pri:0, instance:com.dayok.tests.CodePageTest@78dc6a77]" name="navigateToBaseUrl" is-config="true" duration-ms="2299" started-at="2013-01-30T15:33:26Z" finished-at="2013-01-30T15:33:28Z">
        </test-method>
        <test-method status="PASS" signature="checkCodeSendMsg()[pri:0, instance:com.dayok.tests.CodePageTest@78dc6a77]" name="checkCodeSendMsg" duration-ms="2855" started-at="2013-01-30T15:33:28Z" finished-at="2013-01-30T15:33:31Z">
        </test-method>
        <test-method status="PASS" signature="tearDown()[pri:0, instance:com.dayok.tests.CodePageTest@78dc6a77]" name="tearDown" is-config="true" duration-ms="230" started-at="2013-01-30T15:33:31Z" finished-at="2013-01-30T15:33:31Z">
        </test-method>
      </class>
      <class name="com.dayok.tests.FixedMenuTest">
        <test-method status="PASS" signature="init()[pri:0, instance:com.dayok.tests.FixedMenuTest@1b016632]" name="init" is-config="true" duration-ms="1751" started-at="2013-01-30T15:33:31Z" finished-at="2013-01-30T15:33:33Z">
        </test-method>
        <test-method status="PASS" signature="navigateToBaseUrl()[pri:0, instance:com.dayok.tests.FixedMenuTest@1b016632]" name="navigateToBaseUrl" is-config="true" duration-ms="2117" started-at="2013-01-30T15:33:33Z" finished-at="2013-01-30T15:33:35Z">
        </test-method>
        <test-method status="PASS" signature="checkLogo()[pri:0, instance:com.dayok.tests.FixedMenuTest@1b016632]" name="checkLogo" duration-ms="129" started-at="2013-01-30T15:33:35Z" finished-at="2013-01-30T15:33:35Z">
        </test-method>
        <test-method status="PASS" signature="navigateToBaseUrl()[pri:0, instance:com.dayok.tests.FixedMenuTest@1b016632]" name="navigateToBaseUrl" is-config="true" duration-ms="887" started-at="2013-01-30T15:33:35Z" finished-at="2013-01-30T15:33:36Z">
        </test-method>
        <test-method status="PASS" signature="checkSeachButton()[pri:0, instance:com.dayok.tests.FixedMenuTest@1b016632]" name="checkSeachButton" duration-ms="537" started-at="2013-01-30T15:33:36Z" finished-at="2013-01-30T15:33:37Z">
        </test-method>
        <test-method status="PASS" signature="navigateToBaseUrl()[pri:0, instance:com.dayok.tests.FixedMenuTest@1b016632]" name="navigateToBaseUrl" is-config="true" duration-ms="817" started-at="2013-01-30T15:33:37Z" finished-at="2013-01-30T15:33:38Z">
        </test-method>
        <test-method status="PASS" signature="checkSearchBrand()[pri:0, instance:com.dayok.tests.FixedMenuTest@1b016632]" name="checkSearchBrand" duration-ms="616" started-at="2013-01-30T15:33:38Z" finished-at="2013-01-30T15:33:38Z">
        </test-method>
        <test-method status="PASS" signature="navigateToBaseUrl()[pri:0, instance:com.dayok.tests.FixedMenuTest@1b016632]" name="navigateToBaseUrl" is-config="true" duration-ms="865" started-at="2013-01-30T15:33:38Z" finished-at="2013-01-30T15:33:39Z">
        </test-method>
        <test-method status="PASS" signature="checkUrl()[pri:0, instance:com.dayok.tests.FixedMenuTest@1b016632]" name="checkUrl" duration-ms="23" started-at="2013-01-30T15:33:39Z" finished-at="2013-01-30T15:33:39Z">
        </test-method>
        <test-method status="PASS" signature="tearDown()[pri:0, instance:com.dayok.tests.FixedMenuTest@1b016632]" name="tearDown" is-config="true" duration-ms="250" started-at="2013-01-30T15:33:39Z" finished-at="2013-01-30T15:33:39Z">
        </test-method>
      </class>
    </test>
  </suite>
</testng-results>
