<?xml version="1.0" encoding="UTF-8" ?>
<testsuite failures="0" time="28.216" errors="0" skipped="0" tests="7" name="TestSuite">
  <properties>
[...]
</properties>
  <testcase time="1.279" classname="com.dayok.tests.BrandPageTest" name="checkAmountOfBrands"/>
  <testcase time="1.645" classname="com.dayok.tests.BrandPageTest" name="checkBrandName"/>
  <testcase time="2.855" classname="com.dayok.tests.CodePageTest" name="checkCodeSendMsg"/>
  <testcase time="0.129" classname="com.dayok.tests.FixedMenuTest" name="checkLogo"/>
  <testcase time="0.537" classname="com.dayok.tests.FixedMenuTest" name="checkSeachButton"/>
  <testcase time="0.617" classname="com.dayok.tests.FixedMenuTest" name="checkSearchBrand"/>
  <testcase time="0.023" classname="com.dayok.tests.FixedMenuTest" name="checkUrl"/>
</testsuite>