<?xml version="1.0" encoding="UTF-8"?>
<testng-results skipped="0" failed="0" total="3" passed="3">
  <reporter-output>
  </reporter-output>
  <suite name="Default suite" duration-ms="7063" started-at="2013-01-11T11:06:26Z" finished-at="2013-01-11T11:06:33Z">
    <groups>
    </groups>
    <test name="Default test" duration-ms="7063" started-at="2013-01-11T11:06:26Z" finished-at="2013-01-11T11:06:33Z">
      <class name="com.dayok.tests.FixedMenuTest">
        <test-method status="PASS" signature="init()[pri:0, instance:com.dayok.tests.FixedMenuTest@792e6f00]" name="init" is-config="true" duration-ms="2612" started-at="2013-01-11T11:06:26Z" finished-at="2013-01-11T11:06:29Z">
        </test-method>
        <test-method status="PASS" signature="navigateToBaseUrl()[pri:0, instance:com.dayok.tests.FixedMenuTest@792e6f00]" name="navigateToBaseUrl" is-config="true" duration-ms="1697" started-at="2013-01-11T11:06:29Z" finished-at="2013-01-11T11:06:31Z">
        </test-method>
        <test-method status="PASS" signature="checkLogo()[pri:0, instance:com.dayok.tests.FixedMenuTest@792e6f00]" name="checkLogo" duration-ms="250" started-at="2013-01-11T11:06:31Z" finished-at="2013-01-11T11:06:31Z">
        </test-method>
        <test-method status="PASS" signature="navigateToBaseUrl()[pri:0, instance:com.dayok.tests.FixedMenuTest@792e6f00]" name="navigateToBaseUrl" is-config="true" duration-ms="789" started-at="2013-01-11T11:06:31Z" finished-at="2013-01-11T11:06:32Z">
        </test-method>
        <test-method status="PASS" signature="checkSeachButton()[pri:0, instance:com.dayok.tests.FixedMenuTest@792e6f00]" name="checkSeachButton" duration-ms="434" started-at="2013-01-11T11:06:32Z" finished-at="2013-01-11T11:06:32Z">
        </test-method>
        <test-method status="PASS" signature="navigateToBaseUrl()[pri:0, instance:com.dayok.tests.FixedMenuTest@792e6f00]" name="navigateToBaseUrl" is-config="true" duration-ms="974" started-at="2013-01-11T11:06:32Z" finished-at="2013-01-11T11:06:33Z">
        </test-method>
        <test-method status="PASS" signature="checkUrl()[pri:0, instance:com.dayok.tests.FixedMenuTest@792e6f00]" name="checkUrl" duration-ms="112" started-at="2013-01-11T11:06:33Z" finished-at="2013-01-11T11:06:33Z">
        </test-method>
        <test-method status="PASS" signature="tearDown()[pri:0, instance:com.dayok.tests.FixedMenuTest@792e6f00]" name="tearDown" is-config="true" duration-ms="182" started-at="2013-01-11T11:06:33Z" finished-at="2013-01-11T11:06:33Z">
        </test-method>
      </class>
    </test>
  </suite>
</testng-results>
